[2021-05-29 23:21:16.644000Z] Rikoland
}quit
channel ID:612946957438025728 Author ID:440232487738671124

[2021-05-29 23:36:15.484000Z] Rikoland
}quit
channel ID:612946957438025728 Author ID:440232487738671124

[2021-05-30 02:22:01.297000Z] Rikoland
}ping
channel ID:612946957438025728 Author ID:440232487738671124

[2021-05-30 03:41:12.617000Z] Rikoland
}ping
channel ID:612946957438025728 Author ID:434119116094439424

[2021-05-30 03:42:01.137000Z] Rikoland
}ping
channel ID:612946957438025728 Author ID:434119116094439424

[2021-05-30 04:30:39.601000Z] Rikoland
}quit
channel ID:612946957438025728 Author ID:440232487738671124

[2021-05-30 06:30:38.054000Z] None
}quit
channel ID:840672330674077706 Author ID:440232487738671124

[2021-05-30 06:39:11.359000Z] Eclipse_Darkpaw's server
}quit
channel ID:842168956478423090 Author ID:440232487738671124

