Sunreek disconnected from discord at Wed Sep  1 17:20:17 2021
Gardenbot disconnected from discord at Sat Sep  4 16:26:21 2021
Gardenbot disconnected from discord at Sat Sep  4 20:07:21 2021
Gardenbot disconnected from discord at Sat Sep  4 20:50:22 2021
Gardenbot disconnected from discord at Sat Sep  4 22:54:31 2021
Gardenbot disconnected from discord at Sun Sep  5 00:39:11 2021
Gardenbot disconnected from discord at Sun Sep  5 03:04:32 2021
Gardenbot disconnected from discord at Sun Sep  5 04:09:45 2021
Gardenbot disconnected from discord at Sun Sep  5 07:22:21 2021
Gardenbot disconnected from discord at Sun Sep  5 11:04:03 2021
Gardenbot disconnected from discord at Sun Sep  5 13:48:43 2021
Gardenbot disconnected from discord at Sun Sep  5 14:45:04 2021
Gardenbot disconnected from discord at Sun Sep  5 17:10:50 2021
Gardenbot disconnected from discord at Sun Sep  5 19:36:08 2021
Gardenbot disconnected from discord at Sun Sep  5 21:22:59 2021
Gardenbot disconnected from discord at Sun Sep  5 23:54:55 2021
Gardenbot disconnected from discord at Mon Sep  6 03:07:01 2021
Gardenbot disconnected from discord at Mon Sep  6 03:49:45 2021
Gardenbot disconnected from discord at Mon Sep  6 04:37:31 2021
Gardenbot disconnected from discord at Mon Sep  6 06:02:03 2021
Gardenbot disconnected from discord at Mon Sep  6 07:25:40 2021
Gardenbot disconnected from discord at Mon Sep  6 10:11:21 2021
Gardenbot disconnected from discord at Mon Sep  6 12:20:08 2021
Gardenbot disconnected from discord at Mon Sep  6 14:55:46 2021
Gardenbot disconnected from discord at Mon Sep  6 15:29:07 2021
Gardenbot disconnected from discord at Mon Sep  6 16:03:32 2021
Gardenbot disconnected from discord at Mon Sep  6 17:37:33 2021
Gardenbot disconnected from discord at Mon Sep  6 17:38:33 2021
Gardenbot disconnected from discord at Mon Sep  6 17:39:35 2021
Gardenbot disconnected from discord at Mon Sep  6 17:40:36 2021
Gardenbot disconnected from discord at Mon Sep  6 17:41:43 2021
Gardenbot disconnected from discord at Mon Sep  6 17:42:49 2021
Gardenbot disconnected from discord at Mon Sep  6 17:44:21 2021
Gardenbot disconnected from discord at Mon Sep  6 17:45:55 2021
Gardenbot disconnected from discord at Mon Sep  6 17:48:51 2021
Gardenbot disconnected from discord at Mon Sep  6 17:53:36 2021
Gardenbot disconnected from discord at Mon Sep  6 18:02:11 2021
Gardenbot disconnected from discord at Mon Sep  6 18:14:01 2021
Gardenbot disconnected from discord at Mon Sep  6 18:21:44 2021
Gardenbot disconnected from discord at Mon Sep  6 18:23:31 2021
Gardenbot disconnected from discord at Mon Sep  6 18:28:57 2021
Gardenbot disconnected from discord at Mon Sep  6 18:42:52 2021
Gardenbot disconnected from discord at Mon Sep  6 18:57:32 2021
Gardenbot disconnected from discord at Mon Sep  6 18:59:46 2021
Gardenbot disconnected from discord at Mon Sep  6 19:06:12 2021
Gardenbot disconnected from discord at Mon Sep  6 19:19:10 2021
Gardenbot disconnected from discord at Mon Sep  6 19:27:45 2021
Gardenbot disconnected from discord at Mon Sep  6 19:31:02 2021
Gardenbot disconnected from discord at Mon Sep  6 19:33:30 2021
Gardenbot disconnected from discord at Mon Sep  6 19:43:46 2021
Gardenbot disconnected from discord at Mon Sep  6 20:00:15 2021
Gardenbot disconnected from discord at Mon Sep  6 20:06:27 2021
Gardenbot disconnected from discord at Mon Sep  6 20:08:50 2021
Gardenbot disconnected from discord at Mon Sep  6 20:13:53 2021
Gardenbot disconnected from discord at Mon Sep  6 20:20:37 2021
Gardenbot disconnected from discord at Mon Sep  6 20:36:13 2021
Gardenbot disconnected from discord at Mon Sep  6 20:42:41 2021
Gardenbot disconnected from discord at Mon Sep  6 20:47:16 2021
Gardenbot disconnected from discord at Mon Sep  6 21:04:12 2021
Gardenbot disconnected from discord at Mon Sep  6 21:09:17 2021
Gardenbot disconnected from discord at Mon Sep  6 21:26:35 2021
Gardenbot disconnected from discord at Mon Sep  6 21:32:37 2021
Gardenbot disconnected from discord at Mon Sep  6 21:45:41 2021
Gardenbot disconnected from discord at Mon Sep  6 21:51:29 2021
Gardenbot disconnected from discord at Mon Sep  6 22:06:52 2021
Gardenbot disconnected from discord at Mon Sep  6 22:17:57 2021
Gardenbot disconnected from discord at Mon Sep  6 22:34:41 2021
Gardenbot disconnected from discord at Mon Sep  6 22:45:04 2021
Gardenbot disconnected from discord at Mon Sep  6 22:53:52 2021
Gardenbot disconnected from discord at Mon Sep  6 23:01:15 2021
Gardenbot disconnected from discord at Mon Sep  6 23:18:22 2021
Gardenbot disconnected from discord at Mon Sep  6 23:33:28 2021
Gardenbot disconnected from discord at Mon Sep  6 23:49:10 2021
Gardenbot disconnected from discord at Mon Sep  6 23:51:01 2021
Gardenbot disconnected from discord at Tue Sep  7 00:08:56 2021
Gardenbot disconnected from discord at Tue Sep  7 00:14:37 2021
Gardenbot disconnected from discord at Tue Sep  7 00:22:28 2021
Gardenbot disconnected from discord at Tue Sep  7 00:34:11 2021
Gardenbot disconnected from discord at Tue Sep  7 00:44:03 2021
Gardenbot disconnected from discord at Tue Sep  7 00:52:15 2021
Gardenbot disconnected from discord at Tue Sep  7 01:07:14 2021
Gardenbot disconnected from discord at Tue Sep  7 01:24:04 2021
Gardenbot disconnected from discord at Tue Sep  7 01:29:33 2021
Gardenbot disconnected from discord at Tue Sep  7 01:36:05 2021
Gardenbot disconnected from discord at Tue Sep  7 01:46:00 2021
Gardenbot disconnected from discord at Tue Sep  7 02:03:56 2021
Gardenbot disconnected from discord at Tue Sep  7 02:08:48 2021
Gardenbot disconnected from discord at Tue Sep  7 02:15:16 2021
Gardenbot disconnected from discord at Tue Sep  7 02:28:06 2021
Gardenbot disconnected from discord at Tue Sep  7 02:39:25 2021
Gardenbot disconnected from discord at Tue Sep  7 02:43:48 2021
Gardenbot disconnected from discord at Tue Sep  7 02:54:09 2021
Gardenbot disconnected from discord at Tue Sep  7 03:06:49 2021
Gardenbot disconnected from discord at Tue Sep  7 03:11:57 2021
Gardenbot disconnected from discord at Tue Sep  7 03:25:47 2021
Gardenbot disconnected from discord at Tue Sep  7 03:41:39 2021
Gardenbot disconnected from discord at Tue Sep  7 03:57:53 2021
Gardenbot disconnected from discord at Tue Sep  7 04:09:05 2021
Gardenbot disconnected from discord at Tue Sep  7 04:16:45 2021
Gardenbot disconnected from discord at Tue Sep  7 04:28:17 2021
Gardenbot disconnected from discord at Tue Sep  7 04:33:21 2021
Gardenbot disconnected from discord at Tue Sep  7 04:41:32 2021
Gardenbot disconnected from discord at Tue Sep  7 04:55:05 2021
Gardenbot disconnected from discord at Tue Sep  7 05:08:39 2021
Gardenbot disconnected from discord at Tue Sep  7 05:15:44 2021
Gardenbot disconnected from discord at Tue Sep  7 05:29:57 2021
Gardenbot disconnected from discord at Tue Sep  7 05:45:12 2021
Gardenbot disconnected from discord at Tue Sep  7 05:59:10 2021
Gardenbot disconnected from discord at Tue Sep  7 06:04:49 2021
Gardenbot disconnected from discord at Tue Sep  7 06:10:32 2021
Gardenbot disconnected from discord at Tue Sep  7 06:20:37 2021
Gardenbot disconnected from discord at Tue Sep  7 06:28:19 2021
Gardenbot disconnected from discord at Tue Sep  7 06:30:15 2021
Gardenbot disconnected from discord at Tue Sep  7 06:39:25 2021
Gardenbot disconnected from discord at Tue Sep  7 06:52:29 2021
Gardenbot disconnected from discord at Tue Sep  7 07:08:51 2021
Gardenbot disconnected from discord at Tue Sep  7 07:22:18 2021
Gardenbot disconnected from discord at Tue Sep  7 07:32:57 2021
Gardenbot disconnected from discord at Tue Sep  7 07:35:33 2021
Gardenbot disconnected from discord at Tue Sep  7 07:43:04 2021
Gardenbot disconnected from discord at Tue Sep  7 07:45:20 2021
Gardenbot disconnected from discord at Tue Sep  7 07:51:16 2021
Gardenbot disconnected from discord at Tue Sep  7 07:58:45 2021
Gardenbot disconnected from discord at Tue Sep  7 08:13:03 2021
Gardenbot disconnected from discord at Tue Sep  7 08:28:38 2021
Gardenbot disconnected from discord at Tue Sep  7 08:33:45 2021
Gardenbot disconnected from discord at Tue Sep  7 08:37:56 2021
Gardenbot disconnected from discord at Tue Sep  7 08:50:39 2021
Gardenbot disconnected from discord at Tue Sep  7 09:05:56 2021
Gardenbot disconnected from discord at Tue Sep  7 09:21:47 2021
Gardenbot disconnected from discord at Tue Sep  7 09:27:07 2021
Gardenbot disconnected from discord at Tue Sep  7 09:28:49 2021
Gardenbot disconnected from discord at Tue Sep  7 09:29:56 2021
Gardenbot disconnected from discord at Tue Sep  7 09:45:46 2021
Gardenbot disconnected from discord at Tue Sep  7 09:50:43 2021
Gardenbot disconnected from discord at Tue Sep  7 09:54:18 2021
Gardenbot disconnected from discord at Tue Sep  7 10:04:22 2021
Gardenbot disconnected from discord at Tue Sep  7 10:08:59 2021
Gardenbot disconnected from discord at Tue Sep  7 10:24:03 2021
Gardenbot disconnected from discord at Tue Sep  7 10:32:31 2021
Gardenbot disconnected from discord at Tue Sep  7 10:36:45 2021
Gardenbot disconnected from discord at Tue Sep  7 10:38:43 2021
Gardenbot disconnected from discord at Tue Sep  7 10:41:22 2021
Gardenbot disconnected from discord at Tue Sep  7 10:50:33 2021
Gardenbot disconnected from discord at Tue Sep  7 10:53:09 2021
Gardenbot disconnected from discord at Tue Sep  7 11:10:38 2021
Gardenbot disconnected from discord at Tue Sep  7 11:16:08 2021
Gardenbot disconnected from discord at Tue Sep  7 11:29:15 2021
Gardenbot disconnected from discord at Tue Sep  7 11:39:36 2021
Gardenbot disconnected from discord at Tue Sep  7 11:46:43 2021
Gardenbot disconnected from discord at Tue Sep  7 11:52:43 2021
Gardenbot disconnected from discord at Tue Sep  7 12:05:43 2021
Gardenbot disconnected from discord at Tue Sep  7 12:12:49 2021
Gardenbot disconnected from discord at Tue Sep  7 12:20:21 2021
Gardenbot disconnected from discord at Tue Sep  7 12:26:35 2021
Gardenbot disconnected from discord at Tue Sep  7 12:35:47 2021
Gardenbot disconnected from discord at Tue Sep  7 12:41:30 2021
Gardenbot disconnected from discord at Tue Sep  7 12:42:54 2021
Gardenbot disconnected from discord at Tue Sep  7 12:49:12 2021
Gardenbot disconnected from discord at Tue Sep  7 12:50:36 2021
Gardenbot disconnected from discord at Tue Sep  7 12:58:34 2021
Gardenbot disconnected from discord at Tue Sep  7 12:59:45 2021
Gardenbot disconnected from discord at Tue Sep  7 13:11:11 2021
Gardenbot disconnected from discord at Tue Sep  7 13:16:17 2021
Gardenbot disconnected from discord at Tue Sep  7 13:33:07 2021
Gardenbot disconnected from discord at Tue Sep  7 13:34:52 2021
Gardenbot disconnected from discord at Tue Sep  7 13:48:13 2021
Gardenbot disconnected from discord at Tue Sep  7 14:00:09 2021
Gardenbot disconnected from discord at Tue Sep  7 14:11:16 2021
Gardenbot disconnected from discord at Tue Sep  7 14:14:06 2021
Gardenbot disconnected from discord at Tue Sep  7 14:30:01 2021
Gardenbot disconnected from discord at Tue Sep  7 14:35:53 2021
Gardenbot disconnected from discord at Tue Sep  7 14:37:47 2021
Gardenbot disconnected from discord at Tue Sep  7 14:52:03 2021
Gardenbot disconnected from discord at Tue Sep  7 15:01:24 2021
Gardenbot disconnected from discord at Tue Sep  7 15:19:07 2021
Gardenbot disconnected from discord at Tue Sep  7 15:27:18 2021
Gardenbot disconnected from discord at Tue Sep  7 15:43:34 2021
Gardenbot disconnected from discord at Tue Sep  7 15:59:10 2021
Gardenbot disconnected from discord at Tue Sep  7 16:05:14 2021
Gardenbot disconnected from discord at Tue Sep  7 16:10:55 2021
Gardenbot disconnected from discord at Tue Sep  7 16:15:53 2021
Gardenbot disconnected from discord at Tue Sep  7 16:28:30 2021
Gardenbot disconnected from discord at Tue Sep  7 16:38:50 2021
Gardenbot disconnected from discord at Tue Sep  7 16:51:39 2021
Gardenbot disconnected from discord at Tue Sep  7 16:58:14 2021
Gardenbot disconnected from discord at Tue Sep  7 17:03:55 2021
Gardenbot disconnected from discord at Tue Sep  7 17:20:58 2021
Gardenbot disconnected from discord at Tue Sep  7 17:34:49 2021
Gardenbot disconnected from discord at Tue Sep  7 17:41:47 2021
Gardenbot disconnected from discord at Tue Sep  7 17:55:01 2021
Gardenbot disconnected from discord at Tue Sep  7 17:59:56 2021
Gardenbot disconnected from discord at Tue Sep  7 18:04:41 2021
Gardenbot disconnected from discord at Tue Sep  7 18:21:58 2021
Gardenbot disconnected from discord at Tue Sep  7 18:38:56 2021
Gardenbot disconnected from discord at Tue Sep  7 18:46:39 2021
Gardenbot disconnected from discord at Tue Sep  7 18:58:02 2021
Gardenbot disconnected from discord at Tue Sep  7 19:10:57 2021
Gardenbot disconnected from discord at Tue Sep  7 19:26:43 2021
Gardenbot disconnected from discord at Tue Sep  7 19:38:14 2021
Gardenbot disconnected from discord at Tue Sep  7 19:53:50 2021
Gardenbot disconnected from discord at Tue Sep  7 20:06:53 2021
Gardenbot disconnected from discord at Tue Sep  7 20:13:06 2021
Gardenbot disconnected from discord at Tue Sep  7 20:24:28 2021
Gardenbot disconnected from discord at Tue Sep  7 20:30:00 2021
Gardenbot disconnected from discord at Tue Sep  7 20:45:48 2021
Gardenbot disconnected from discord at Tue Sep  7 20:59:54 2021
Gardenbot disconnected from discord at Tue Sep  7 21:07:35 2021
Gardenbot disconnected from discord at Tue Sep  7 21:10:16 2021
Gardenbot disconnected from discord at Tue Sep  7 21:25:08 2021
Gardenbot disconnected from discord at Tue Sep  7 21:27:06 2021
Gardenbot disconnected from discord at Tue Sep  7 21:40:28 2021
Gardenbot disconnected from discord at Tue Sep  7 21:44:14 2021
Gardenbot disconnected from discord at Tue Sep  7 21:53:00 2021
Gardenbot disconnected from discord at Tue Sep  7 22:06:55 2021
Gardenbot disconnected from discord at Tue Sep  7 22:23:34 2021
Gardenbot disconnected from discord at Tue Sep  7 22:31:23 2021
Gardenbot disconnected from discord at Tue Sep  7 22:44:28 2021
Gardenbot disconnected from discord at Tue Sep  7 22:45:49 2021
Gardenbot disconnected from discord at Tue Sep  7 22:49:32 2021
Gardenbot disconnected from discord at Tue Sep  7 22:53:00 2021
Gardenbot disconnected from discord at Tue Sep  7 23:00:43 2021
Gardenbot disconnected from discord at Tue Sep  7 23:05:13 2021
Gardenbot disconnected from discord at Tue Sep  7 23:06:42 2021
Gardenbot disconnected from discord at Tue Sep  7 23:12:02 2021
Gardenbot disconnected from discord at Tue Sep  7 23:26:58 2021
Gardenbot disconnected from discord at Tue Sep  7 23:32:41 2021
Gardenbot disconnected from discord at Tue Sep  7 23:37:31 2021
Gardenbot disconnected from discord at Tue Sep  7 23:55:03 2021
Gardenbot disconnected from discord at Wed Sep  8 00:12:22 2021
Gardenbot disconnected from discord at Wed Sep  8 00:13:40 2021
Gardenbot disconnected from discord at Wed Sep  8 00:16:18 2021
Gardenbot disconnected from discord at Wed Sep  8 00:27:44 2021
Gardenbot disconnected from discord at Wed Sep  8 00:39:31 2021
Gardenbot disconnected from discord at Wed Sep  8 00:45:27 2021
Gardenbot disconnected from discord at Wed Sep  8 00:54:21 2021
Gardenbot disconnected from discord at Wed Sep  8 01:10:30 2021
Gardenbot disconnected from discord at Wed Sep  8 01:16:18 2021
Gardenbot disconnected from discord at Wed Sep  8 01:19:34 2021
Gardenbot disconnected from discord at Wed Sep  8 01:32:06 2021
Gardenbot disconnected from discord at Wed Sep  8 01:37:22 2021
Gardenbot disconnected from discord at Wed Sep  8 01:54:29 2021
Gardenbot disconnected from discord at Wed Sep  8 02:05:08 2021
Gardenbot disconnected from discord at Wed Sep  8 02:08:03 2021
Gardenbot disconnected from discord at Wed Sep  8 02:11:56 2021
Gardenbot disconnected from discord at Wed Sep  8 02:23:37 2021
Gardenbot disconnected from discord at Wed Sep  8 02:31:56 2021
Gardenbot disconnected from discord at Wed Sep  8 02:39:37 2021
Gardenbot disconnected from discord at Wed Sep  8 02:53:38 2021
Sunreek disconnected from discord at Wed Sep  8 03:37:31 2021
